Start testing: May 20 16:42 UTC
----------------------------------------------------------
1/1 Testing: GameLogicTests
1/1 Test: GameLogicTests
Command: "/app/RunTests"
Directory: /app
"GameLogicTests" start time: May 20 16:42 UTC
Output:
----------------------------------------------------------

--- Testing Snake Movement ---
Assertion Passed: Move Right
Assertion Passed: Body size after initial move
Assertion Passed: Move Up
Assertion Passed: Prevent 180 turn (UP to DOWN)
Assertion Passed: Continue UP after failed 180 turn

--- Testing Snake Growth ---
Assertion Passed: Grow: Head position
Assertion Passed: Grow: Body size increased to 2
Assertion Passed: Grow: Tail position correct
Assertion Passed: Move after Grow: Head position
Assertion Passed: Move after Grow: Body size remains 2
Assertion Passed: Move after Grow: Tail position correct

--- Testing Snake Self Collision ---
Assertion Passed: Self-collision setup: body size is 4
Assertion Passed: No self-collision when straight
Assertion Failed: Self-collision detected

--- Testing Wall Collision ---
Assertion Passed: Inside: (0,0)
Assertion Passed: Inside: (9,9)
Assertion Passed: Inside: (5,5)
Assertion Passed: Outside: (-1,5) - Left
Assertion Passed: Outside: (10,5) - Right
Assertion Passed: Outside: (5,-1) - Top
Assertion Passed: Outside: (5,10) - Bottom

--- Testing Food Placement ---
Assertion Passed: Food placed within board boundaries (empty board)
Assertion Passed: Food placed in the only available spot
Assertion Passed: Food placed within board boundaries (specific snake)
Assertion Passed: Food not placed on snake body segment (iteration 0)
Assertion Passed: Food placed within board boundaries (specific snake)
Assertion Passed: Food not placed on snake body segment (iteration 1)
Assertion Passed: Food placed within board boundaries (specific snake)
Assertion Passed: Food not placed on snake body segment (iteration 2)
Assertion Passed: Food placed within board boundaries (specific snake)
Assertion Passed: Food not placed on snake body segment (iteration 3)
Assertion Passed: Food placed within board boundaries (specific snake)
Assertion Passed: Food not placed on snake body segment (iteration 4)
Assertion Passed: Food placed within board boundaries (specific snake)
Assertion Passed: Food not placed on snake body segment (iteration 5)
Assertion Passed: Food placed within board boundaries (specific snake)
Assertion Passed: Food not placed on snake body segment (iteration 6)
Assertion Passed: Food placed within board boundaries (specific snake)
Assertion Passed: Food not placed on snake body segment (iteration 7)
Assertion Passed: Food placed within board boundaries (specific snake)
Assertion Passed: Food not placed on snake body segment (iteration 8)
Assertion Passed: Food placed within board boundaries (specific snake)
Assertion Passed: Food not placed on snake body segment (iteration 9)
Assertion Passed: Food placed within board boundaries (specific snake)
Assertion Passed: Food not placed on snake body segment (iteration 10)
Assertion Passed: Food placed within board boundaries (specific snake)
Assertion Passed: Food not placed on snake body segment (iteration 11)
Assertion Passed: Food placed within board boundaries (specific snake)
Assertion Passed: Food not placed on snake body segment (iteration 12)
Assertion Passed: Food placed within board boundaries (specific snake)
Assertion Passed: Food not placed on snake body segment (iteration 13)
Assertion Passed: Food placed within board boundaries (specific snake)
Assertion Passed: Food not placed on snake body segment (iteration 14)
Assertion Passed: Food placed within board boundaries (specific snake)
Assertion Passed: Food not placed on snake body segment (iteration 15)
Assertion Passed: Food placed within board boundaries (specific snake)
Assertion Passed: Food not placed on snake body segment (iteration 16)
Assertion Passed: Food placed within board boundaries (specific snake)
Assertion Passed: Food not placed on snake body segment (iteration 17)
Assertion Passed: Food placed within board boundaries (specific snake)
Assertion Passed: Food not placed on snake body segment (iteration 18)
Assertion Passed: Food placed within board boundaries (specific snake)
Assertion Passed: Food not placed on snake body segment (iteration 19)
Assertion Passed: Food placed within board boundaries (specific snake)
Assertion Passed: Food not placed on snake body segment (iteration 20)
Assertion Passed: Food placed within board boundaries (specific snake)
Assertion Passed: Food not placed on snake body segment (iteration 21)
Assertion Passed: Food placed within board boundaries (specific snake)
Assertion Passed: Food not placed on snake body segment (iteration 22)
Assertion Passed: Food placed within board boundaries (specific snake)
Assertion Passed: Food not placed on snake body segment (iteration 23)
Assertion Passed: Food placed within board boundaries (specific snake)
Assertion Passed: Food not placed on snake body segment (iteration 24)
Assertion Passed: Food placed within board boundaries (specific snake)
Assertion Passed: Food not placed on snake body segment (iteration 25)
Assertion Passed: Food placed within board boundaries (specific snake)
Assertion Passed: Food not placed on snake body segment (iteration 26)
Assertion Passed: Food placed within board boundaries (specific snake)
Assertion Passed: Food not placed on snake body segment (iteration 27)
Assertion Passed: Food placed within board boundaries (specific snake)
Assertion Passed: Food not placed on snake body segment (iteration 28)
Assertion Passed: Food placed within board boundaries (specific snake)
Assertion Passed: Food not placed on snake body segment (iteration 29)
Assertion Passed: Food placed within board boundaries (specific snake)
Assertion Passed: Food not placed on snake body segment (iteration 30)
Assertion Passed: Food placed within board boundaries (specific snake)
Assertion Passed: Food not placed on snake body segment (iteration 31)
Assertion Passed: Food placed within board boundaries (specific snake)
Assertion Passed: Food not placed on snake body segment (iteration 32)
Assertion Passed: Food placed within board boundaries (specific snake)
Assertion Passed: Food not placed on snake body segment (iteration 33)
Assertion Passed: Food placed within board boundaries (specific snake)
Assertion Passed: Food not placed on snake body segment (iteration 34)
Assertion Passed: Food placed within board boundaries (specific snake)
Assertion Passed: Food not placed on snake body segment (iteration 35)
Assertion Passed: Food placed within board boundaries (specific snake)
Assertion Passed: Food not placed on snake body segment (iteration 36)
Assertion Passed: Food placed within board boundaries (specific snake)
Assertion Passed: Food not placed on snake body segment (iteration 37)
Assertion Passed: Food placed within board boundaries (specific snake)
Assertion Passed: Food not placed on snake body segment (iteration 38)
Assertion Passed: Food placed within board boundaries (specific snake)
Assertion Passed: Food not placed on snake body segment (iteration 39)
Assertion Passed: Food placed within board boundaries (specific snake)
Assertion Passed: Food not placed on snake body segment (iteration 40)
Assertion Passed: Food placed within board boundaries (specific snake)
Assertion Passed: Food not placed on snake body segment (iteration 41)
Assertion Passed: Food placed within board boundaries (specific snake)
Assertion Passed: Food not placed on snake body segment (iteration 42)
Assertion Passed: Food placed within board boundaries (specific snake)
Assertion Passed: Food not placed on snake body segment (iteration 43)
Assertion Passed: Food placed within board boundaries (specific snake)
Assertion Passed: Food not placed on snake body segment (iteration 44)
Assertion Passed: Food placed within board boundaries (specific snake)
Assertion Passed: Food not placed on snake body segment (iteration 45)
Assertion Passed: Food placed within board boundaries (specific snake)
Assertion Passed: Food not placed on snake body segment (iteration 46)
Assertion Passed: Food placed within board boundaries (specific snake)
Assertion Passed: Food not placed on snake body segment (iteration 47)
Assertion Passed: Food placed within board boundaries (specific snake)
Assertion Passed: Food not placed on snake body segment (iteration 48)
Assertion Passed: Food placed within board boundaries (specific snake)
Assertion Passed: Food not placed on snake body segment (iteration 49)
Assertion Passed: Food placed within board boundaries (specific snake)
Assertion Passed: Food not placed on snake body segment (iteration 50)
Assertion Passed: Food placed within board boundaries (specific snake)
Assertion Passed: Food not placed on snake body segment (iteration 51)
Assertion Passed: Food placed within board boundaries (specific snake)
Assertion Passed: Food not placed on snake body segment (iteration 52)
Assertion Passed: Food placed within board boundaries (specific snake)
Assertion Passed: Food not placed on snake body segment (iteration 53)
Assertion Passed: Food placed within board boundaries (specific snake)
Assertion Passed: Food not placed on snake body segment (iteration 54)
Assertion Passed: Food placed within board boundaries (specific snake)
Assertion Passed: Food not placed on snake body segment (iteration 55)
Assertion Passed: Food placed within board boundaries (specific snake)
Assertion Passed: Food not placed on snake body segment (iteration 56)
Assertion Passed: Food placed within board boundaries (specific snake)
Assertion Passed: Food not placed on snake body segment (iteration 57)
Assertion Passed: Food placed within board boundaries (specific snake)
Assertion Passed: Food not placed on snake body segment (iteration 58)
Assertion Passed: Food placed within board boundaries (specific snake)
Assertion Passed: Food not placed on snake body segment (iteration 59)
Assertion Passed: Food placed within board boundaries (specific snake)
Assertion Passed: Food not placed on snake body segment (iteration 60)
Assertion Passed: Food placed within board boundaries (specific snake)
Assertion Passed: Food not placed on snake body segment (iteration 61)
Assertion Passed: Food placed within board boundaries (specific snake)
Assertion Passed: Food not placed on snake body segment (iteration 62)
Assertion Passed: Food placed within board boundaries (specific snake)
Assertion Passed: Food not placed on snake body segment (iteration 63)
Assertion Passed: Food placed within board boundaries (specific snake)
Assertion Passed: Food not placed on snake body segment (iteration 64)
Assertion Passed: Food placed within board boundaries (specific snake)
Assertion Passed: Food not placed on snake body segment (iteration 65)
Assertion Passed: Food placed within board boundaries (specific snake)
Assertion Passed: Food not placed on snake body segment (iteration 66)
Assertion Passed: Food placed within board boundaries (specific snake)
Assertion Passed: Food not placed on snake body segment (iteration 67)
Assertion Passed: Food placed within board boundaries (specific snake)
Assertion Passed: Food not placed on snake body segment (iteration 68)
Assertion Passed: Food placed within board boundaries (specific snake)
Assertion Passed: Food not placed on snake body segment (iteration 69)
Assertion Passed: Food placed within board boundaries (specific snake)
Assertion Passed: Food not placed on snake body segment (iteration 70)
Assertion Passed: Food placed within board boundaries (specific snake)
Assertion Passed: Food not placed on snake body segment (iteration 71)
Assertion Passed: Food placed within board boundaries (specific snake)
Assertion Passed: Food not placed on snake body segment (iteration 72)
Assertion Passed: Food placed within board boundaries (specific snake)
Assertion Passed: Food not placed on snake body segment (iteration 73)
Assertion Passed: Food placed within board boundaries (specific snake)
Assertion Passed: Food not placed on snake body segment (iteration 74)
Assertion Passed: Food placed within board boundaries (specific snake)
Assertion Passed: Food not placed on snake body segment (iteration 75)
Assertion Passed: Food placed within board boundaries (specific snake)
Assertion Passed: Food not placed on snake body segment (iteration 76)
Assertion Passed: Food placed within board boundaries (specific snake)
Assertion Passed: Food not placed on snake body segment (iteration 77)
Assertion Passed: Food placed within board boundaries (specific snake)
Assertion Passed: Food not placed on snake body segment (iteration 78)
Assertion Passed: Food placed within board boundaries (specific snake)
Assertion Passed: Food not placed on snake body segment (iteration 79)
Assertion Passed: Food placed within board boundaries (specific snake)
Assertion Passed: Food not placed on snake body segment (iteration 80)
Assertion Passed: Food placed within board boundaries (specific snake)
Assertion Passed: Food not placed on snake body segment (iteration 81)
Assertion Passed: Food placed within board boundaries (specific snake)
Assertion Passed: Food not placed on snake body segment (iteration 82)
Assertion Passed: Food placed within board boundaries (specific snake)
Assertion Passed: Food not placed on snake body segment (iteration 83)
Assertion Passed: Food placed within board boundaries (specific snake)
Assertion Passed: Food not placed on snake body segment (iteration 84)
Assertion Passed: Food placed within board boundaries (specific snake)
Assertion Passed: Food not placed on snake body segment (iteration 85)
Assertion Passed: Food placed within board boundaries (specific snake)
Assertion Passed: Food not placed on snake body segment (iteration 86)
Assertion Passed: Food placed within board boundaries (specific snake)
Assertion Passed: Food not placed on snake body segment (iteration 87)
Assertion Passed: Food placed within board boundaries (specific snake)
Assertion Passed: Food not placed on snake body segment (iteration 88)
Assertion Passed: Food placed within board boundaries (specific snake)
Assertion Passed: Food not placed on snake body segment (iteration 89)
Assertion Passed: Food placed within board boundaries (specific snake)
Assertion Passed: Food not placed on snake body segment (iteration 90)
Assertion Passed: Food placed within board boundaries (specific snake)
Assertion Passed: Food not placed on snake body segment (iteration 91)
Assertion Passed: Food placed within board boundaries (specific snake)
Assertion Passed: Food not placed on snake body segment (iteration 92)
Assertion Passed: Food placed within board boundaries (specific snake)
Assertion Passed: Food not placed on snake body segment (iteration 93)
Assertion Passed: Food placed within board boundaries (specific snake)
Assertion Passed: Food not placed on snake body segment (iteration 94)
Assertion Passed: Food placed within board boundaries (specific snake)
Assertion Passed: Food not placed on snake body segment (iteration 95)
Assertion Passed: Food placed within board boundaries (specific snake)
Assertion Passed: Food not placed on snake body segment (iteration 96)
Assertion Passed: Food placed within board boundaries (specific snake)
Assertion Passed: Food not placed on snake body segment (iteration 97)
Assertion Passed: Food placed within board boundaries (specific snake)
Assertion Passed: Food not placed on snake body segment (iteration 98)
Assertion Passed: Food placed within board boundaries (specific snake)
Assertion Passed: Food not placed on snake body segment (iteration 99)
Assertion Passed: Final check: Food not placed on snake body after multiple attempts

All tests completed.
<end of output>
Test time =   0.00 sec
----------------------------------------------------------
Test Passed.
"GameLogicTests" end time: May 20 16:42 UTC
"GameLogicTests" time elapsed: 00:00:00
----------------------------------------------------------

End testing: May 20 16:42 UTC
